1724358073092:show-department-statistics --departmentName=Physics
1724358740609:who-is-head-of-department --departmentName=Physics
1724360527832:add-department --name=Physics
1724360586282:add-department --name Physics
1724360593917:add-lector --name "John Doe" --degree ASSISTANT --salary 50000 --departmentName Physics
1724360671613:add-department --name Physics
1724360674810:add-lector --name "John Doe" --degree ASSISTANT --salary 50000 --departmentName Physics
1724360718675:who-is-head-of-department --departmentName=Physics
1724360732753:who-is-head-of-department -d=Physics
1724360793476:add-lector --name "John Doe" --degree ASSISTANT --salary 50000 --departmentName Physics
1724360821613:stacktrace
1724360897050:add-lector --name "John Doe" --degree ASSISTANT --salary 50000 --departmentName Physics
1724368105105:add-department --name=Mathematics
1724368122643:add-department --name=Chemistry
1724368177740:add-department --name Mathematics
1724368196235:add-department --name Chemistry
1724368209691:add-department --name Biology
1724368235418:add-lector --name="Alice Johnson" --degree PROFESSOR --salary 100000 --departmentName Mathematics
1724368243649:add-lector --name "Alice Johnson" --degree PROFESSOR --salary 100000 --departmentName Mathematics
1724368255384:add-lector --name "Bob Smith" --degree ASSISTANT --salary 60000 --departmentName Chemistry
1724368264133:add-lector --name "Carol White" --degree ASSOCIATE_PROFESSOR --salary 80000 --departmentName Biology
1724368273417:add-lector --name "David Green" --degree PROFESSOR --salary 95000 --departmentName Physics
1724368280837:add-lector --name "Eva Brown" --degree ASSISTANT --salary 55000 --departmentName Chemistry
1724368299055:show-department-statistics --departmentName=Physics
1724368301886:show-department-statistics --departmentName Physics
1724368312103:show-average-salary --departmentName Chemistry
1724368318429:show-employee-count --departmentName Biology
1724368330921:global-search-by-template --template Smith
1724368399700:show-employee-count --departmentName Biology
1724368423512:Global search by template Smith
1724368444329:show-department-statistics --departmentName Physics
1724368450886:show-average-salary --departmentName Chemistry
1724368463499:add-department --name Physics
1724368469033:add-department --name Biology
1724368480153:add-lector --name "John Doe" --degree ASSISTANT --salary 50000 --departmentName Physics
1724368618696:add department Physics
1724369179718:show Physics statistics
1724369212984:Add department Physics
1724369218469:show Physics
1724369230882:show Physics department
1724369243208:show <Physics> department
1724369263509:show <Physics> statistics
1724369274097:show Physics statistics
1724369501248:Show the average salary for the department Physics
1724369527459:add lector John Doe ASSISTANT 50000 Physics
1724369532391:dd lector John Doe ASSISTANT 50000 Physics
1724369555584:Add lector John Doe ASSISTANT 50000 Physics
1724369575924:Add lector JohnDoe ASSISTANT 50000 Physics
1724369611711:Who is head of department Physics
1724369626443:Show the average salary for the department Physics
1724370604587:add lector "John Doe" ASSISTANT 50000 Physics
1724370624475:Add lector "John Doe" ASSISTANT 50000 Physics
1724370633720:add lector John Doe ASSISTANT 50000 Physics
1724370643761:Add lector John Doe ASSISTANT 50000 Physics
1724370657014:Add lector JohnDoe ASSISTANT 50000 Physics
1724370660204:Add lector "John Doe" ASSISTANT 50000 Physics
1724370701074:Show statistics Physics
1724370728616:Show the average salary for the department Physics
1724370750061:Show count of employee for Physics
1724370847033:Global search by Doe
1724371245982:Add a new lector "Jogn Doe" ASSISTANT 10000.0 Physics
1724371264235:Add lector "Jogn Doe" ASSISTANT 10000.0 Physics
